09-01-2025 15:13:15 [[31merror[39m]: Erreur lors de l'inscription de l'utilisateur: [
  {
    "validation": "regex",
    "code": "invalid_string",
    "message": "Le mot de passe doit contenir au moins un symbole",
    "path": [
      "password"
    ]
  }
]
09-01-2025 15:19:15 [[31merror[39m]: Erreur lors de la création du livre: value.toISOString is not a function
09-01-2025 15:28:55 [[31merror[39m]: Erreur lors de la création du livre: value.toISOString is not a function
09-01-2025 15:30:47 [[31merror[39m]: Erreur lors de la création du livre: value.toISOString is not a function
09-01-2025 15:31:21 [[31merror[39m]: Erreur lors de la création du livre: value.toISOString is not a function
09-01-2025 15:50:14 [[31merror[39m]: Erreur lors de la mise à jour du livre: Cannot convert undefined or null to object
09-01-2025 15:51:25 [[31merror[39m]: Erreur lors de la mise à jour du livre: Cannot convert undefined or null to object
09-01-2025 16:00:22 [[31merror[39m]: Erreur lors de la mise à jour du livre: Cannot convert undefined or null to object
09-01-2025 16:01:48 [[31merror[39m]: Erreur lors de la mise à jour du livre: Cannot convert undefined or null to object
09-01-2025 16:01:51 [[31merror[39m]: Erreur lors de la mise à jour du livre: Cannot convert undefined or null to object
09-01-2025 16:02:02 [[31merror[39m]: Erreur lors de la mise à jour du livre: Cannot convert undefined or null to object
09-01-2025 16:02:29 [[31merror[39m]: Erreur lors de la mise à jour du livre: Cannot convert undefined or null to object
09-01-2025 16:02:48 [[31merror[39m]: Erreur lors de la mise à jour du livre: Cannot convert undefined or null to object
09-01-2025 16:03:24 [[31merror[39m]: Erreur lors de la mise à jour du livre: Cannot convert undefined or null to object
09-01-2025 16:03:30 [[31merror[39m]: Erreur lors de la mise à jour du livre: Cannot convert undefined or null to object
09-01-2025 16:03:30 [[31merror[39m]: Erreur lors de la mise à jour du livre: Impossible de mettre à jour le livre
09-01-2025 17:13:31 [[31merror[39m]: Erreur lors de l'emprunt du livre: (0 , borrow_models_1.updateBookAvailability) is not a function
